<?xml version="1.0" encoding="UTF-8"?>
<!-- Generated by org.testng.reporters.JUnitReportReporter -->
<testsuite hostname="IN-PF2NA9MA" failures="0" tests="4" name="TestComponents.PolicyDetailsTestMethods" time="191.304" errors="0" timestamp="2024-08-14T10:11:46 IST" skipped="0">
  <testcase classname="TestComponents.PolicyDetailsTestMethods" name="MyAssignedWorkValidation" time="28.358"/>
  <testcase classname="TestComponents.PolicyDetailsTestMethods" name="MyCallHistoryValidation" time="27.848"/>
  <testcase classname="TestComponents.PolicyDetailsTestMethods" name="SearchFunctionality" time="45.794"/>
  <testcase classname="TestComponents.PolicyDetailsTestMethods" name="PolicyContractDetails" time="89.304"/>
</testsuite> <!-- TestComponents.PolicyDetailsTestMethods -->
