<?xml version="1.0" encoding="UTF-8"?>
<!-- Generated by org.testng.reporters.JUnitReportReporter -->
<testsuite hostname="IN-PF2NA9MA" failures="0" tests="1" name="PanoTestComponents.PanoFinTest" time="86.938" errors="0" timestamp="2023-03-02T19:00:50 IST" skipped="0">
  <testcase classname="PanoTestComponents.PanoFinTest" name="incominMoneyTab" time="86.938"/>
  <system-out/>
</testsuite> <!-- PanoTestComponents.PanoFinTest -->
