<?xml version="1.0" encoding="UTF-8"?>
<!-- Generated by org.testng.reporters.JUnitReportReporter -->
<testsuite hostname="IN-PF2NA9MA" failures="0" tests="1" name="PanoTestComponents.MyCallHistory" time="38.319" errors="0" timestamp="2023-07-22T22:01:27 IST" skipped="0">
  <testcase classname="PanoTestComponents.MyCallHistory" name="wholeLifeMyCallHist" time="38.319"/>
  <system-out/>
</testsuite> <!-- PanoTestComponents.MyCallHistory -->
