<?xml version="1.0" encoding="UTF-8"?>
<!-- Generated by org.testng.reporters.JUnitReportReporter -->
<testsuite hostname="IN-PF2NA9MA" failures="0" tests="1" name="PanoTestComponents.PanoCloseCallTest" time="99.473" errors="0" timestamp="2023-02-16T11:45:46 IST" skipped="0">
  <testcase classname="PanoTestComponents.PanoCloseCallTest" name="CloseCall" time="99.473"/>
  <system-out/>
</testsuite> <!-- PanoTestComponents.PanoCloseCallTest -->
