<?xml version="1.0" encoding="UTF-8"?>
<!-- Generated by org.testng.reporters.JUnitReportReporter -->
<testsuite hostname="IN-PF2NA9MA" failures="0" tests="1" name="PanoTestComponents.PanoCustIdentityTest" time="139.363" errors="0" timestamp="2023-03-20T11:15:58 IST" skipped="0">
  <testcase classname="PanoTestComponents.PanoCustIdentityTest" name="CustomerIdentityRoleTest" time="139.363"/>
  <system-out/>
</testsuite> <!-- PanoTestComponents.PanoCustIdentityTest -->
