<?xml version="1.0" encoding="UTF-8"?>
<!-- Generated by org.testng.reporters.JUnitReportReporter -->
<testsuite hostname="IN-PF2NA9MA" failures="0" tests="2" name="PanoTestComponents.RelPartiesTest" time="339.982" errors="0" timestamp="2023-07-16T23:29:57 IST" skipped="0">
  <testcase classname="PanoTestComponents.RelPartiesTest" name="relAddtest" time="171.852"/>
  <system-out/>
  <testcase classname="PanoTestComponents.RelPartiesTest" name="relAddtest" time="168.130"/>
  <system-out/>
</testsuite> <!-- PanoTestComponents.RelPartiesTest -->
