<?xml version="1.0" encoding="UTF-8"?>
<!-- Generated by org.testng.reporters.JUnitReportReporter -->
<testsuite hostname="IN-PF2NA9MA" failures="0" tests="1" name="PanoTestComponents.PanoFinHistTest" time="228.978" errors="0" timestamp="2023-03-20T17:55:49 IST" skipped="0">
  <testcase classname="PanoTestComponents.PanoFinHistTest" name="PanoFinPaymentHist" time="228.978"/>
  <system-out/>
</testsuite> <!-- PanoTestComponents.PanoFinHistTest -->
