<?xml version="1.0" encoding="UTF-8"?>
<!-- Generated by org.testng.reporters.JUnitReportReporter -->
<testsuite hostname="IN-PF2NA9MA" failures="0" tests="1" name="PanoPageObjects.writeExcelVal" time="1.793" errors="0" timestamp="2023-03-04T00:39:46 IST" skipped="0">
  <testcase classname="PanoPageObjects.writeExcelVal" name="writeExcelTest" time="1.793"/>
  <system-out/>
</testsuite> <!-- PanoPageObjects.writeExcelVal -->
