<?xml version="1.0" encoding="UTF-8"?>
<!-- Generated by org.testng.reporters.JUnitReportReporter -->
<testsuite hostname="IN-PF2NA9MA" failures="0" tests="1" name="PanoTestComponents.PanoWorkReqTest" time="132.680" errors="0" timestamp="2023-07-03T21:07:00 IST" skipped="0">
  <testcase classname="PanoTestComponents.PanoWorkReqTest" name="workreqValidation" time="132.680"/>
  <system-out/>
</testsuite> <!-- PanoTestComponents.PanoWorkReqTest -->
